2024-11-27 11:17:41,927:INFO:Data validation passed.
2024-11-27 11:17:41,935:WARNING:Missing values detected in columns: EA_INCIDENTNUMBER, POSTCODE, NGR, OPSAREA, FUNCTION_NAME, FUNCTION_SUBTYPE, SWW_CATEGORY, NIRS_CATEGORY, POLLUTION_STATUS, SOURCE ASSET EQUIPMENT NUMBER, SOURCE ASSET EQUIPMENT DESC, SOURCE ASSET IPID, SOURCE ASSET G3E_FID, SOURCE ASSET TYPE, CAUSE ASSET EQUIPMENT NUMBER, CAUSE ASSET EQUIPMENT DESC, CAUSE ASSET IPID, CAUSE ASSET G3E_FID, CAUSE ASSET TYPE, POLLUTION_TYPE, PC_ASSET_TYPE, PC_GENERAL_CAUSE, PC_ASSET_CAUSE, PC_ACTIONABLE_CAUSE, PC_DESC, PIRS_SELF_REPORT_ACTUAL_REPORTEDTIME, PIRS_SELF_REPORTED_YN, NIRS_SELF_REPORTED_YN, PIRTS_WARNING_RAISED_YN, SAMPLECOUNT
2024-11-27 11:17:41,957:WARNING:Found 12 duplicate rows.
2024-11-27 11:17:41,961:WARNING:Found 8 outliers in column 'EA_INCIDENTNUMBER'.
2024-11-27 11:17:41,961:WARNING:Found 433 outliers in column 'SOURCE ASSET EQUIPMENT NUMBER'.
2024-11-27 11:17:41,961:WARNING:Found 475 outliers in column 'SOURCE ASSET G3E_FID'.
2024-11-27 11:17:41,961:WARNING:Found 312 outliers in column 'CAUSE ASSET EQUIPMENT NUMBER'.
2024-11-27 11:17:41,977:WARNING:Found 442 outliers in column 'CAUSE ASSET G3E_FID'.
2024-11-27 11:17:41,977:WARNING:Found 271 outliers in column 'NIRS_SELF_REPORTED_YN'.
2024-11-27 11:17:41,977:WARNING:Found 57 outliers in column 'PIRTS_WARNING_RAISED_YN'.
2024-11-27 11:17:41,977:WARNING:Found 109 outliers in column 'SAMPLECOUNT'.
2024-11-27 11:34:02,550:INFO:Data loaded successfully.
2024-11-27 11:36:49,296:INFO:Data loaded successfully.
2024-11-27 11:38:17,969:INFO:Data loaded successfully.
2024-11-27 12:14:50,335:INFO:Saved file: C:\Program Files\Repos\Data Club project\data\PIRS, RCA and Asset data 2019 - 2023.csv
2024-11-27 13:15:50,542:INFO:Saved file: C:\Program Files\Repos\Data Club project\data\PIRS, RCA and Asset data 2019 - 2023.csv
2024-11-27 13:20:02,025:INFO:Saved file: C:\Program Files\Repos\Data Club project\data\ESG report csv.xlsx
2024-11-27 13:20:02,040:ERROR:Error loading data: Missing optional dependency 'openpyxl'.  Use pip or conda to install openpyxl.
2024-11-27 13:20:31,839:INFO:Saved file: C:\Program Files\Repos\Data Club project\data\BRL Open Data Format.csv
2024-11-27 13:21:44,724:INFO:Saved file: C:\Program Files\Repos\Data Club project\data\BRL Open Data Format.csv
2024-11-27 13:29:21,137:INFO:Saved file: C:\Program Files\Repos\Data Club project\data\PIRS, RCA and Asset data 2019 - 2023.csv
2024-11-27 13:41:39,828:INFO:Saved file: C:\Program Files\Repos\Data Club project\data\PIRS, RCA and Asset data 2019 - 2023.csv
2024-11-27 14:10:06,062:INFO:Saved file: C:\Program Files\Repos\Data Club project\data\PIRS, RCA and Asset data 2019 - 2023.csv
2024-11-27 16:42:48,583:INFO:Saved file: C:\Program Files\Repos\Data Club project\data\PIRS, RCA and Asset data 2019 - 2023.csv
2024-11-27 16:46:17,759:INFO:Saved file: C:\Program Files\Repos\Data Club project\data\PIRS, RCA and Asset data 2019 - 2023.csv
2024-12-01 12:58:28,720:INFO:Saved file: C:\Program Files\Repos\Data Club project\data\PIRS, RCA and Asset data 2019 - 2023.csv
2024-12-01 12:58:52,517:INFO:Saved file: C:\Program Files\Repos\Data Club project\data\PIRS, RCA and Asset data 2019 - 2023.csv
2024-12-01 13:29:00,138:INFO:Saved file: C:\Program Files\Repos\Data Club project\data\PIRS, RCA and Asset data 2019 - 2023.csv
2024-12-01 13:38:28,617:INFO:Saved file: C:\Program Files\Repos\Data Club project\data\PIRS, RCA and Asset data 2019 - 2023.csv
2024-12-01 13:41:13,224:INFO:Saved file: C:\Program Files\Repos\Data Club project\data\PIRS, RCA and Asset data 2019 - 2023.csv
2024-12-01 14:01:53,053:INFO:Saved file: C:\Program Files\Repos\Data Club project\data\PIRS, RCA and Asset data 2019 - 2023.csv
2024-12-01 14:15:23,700:INFO:Saved file: C:\Program Files\Repos\Data Club project\data\PIRS, RCA and Asset data 2019 - 2023.csv
2024-12-01 14:18:08,361:INFO:Saved file: C:\Program Files\Repos\Data Club project\data\PIRS, RCA and Asset data 2019 - 2023.csv
2024-12-01 14:22:53,265:INFO:Saved file: C:\Program Files\Repos\Data Club project\data\PIRS, RCA and Asset data 2019 - 2023.csv
2024-12-01 14:32:57,373:INFO:Saved file: C:\Program Files\Repos\Data Club project\data\PIRS, RCA and Asset data 2019 - 2023.csv
2024-12-01 14:40:25,475:INFO:Saved file: C:\Program Files\Repos\Data Club project\data\PIRS, RCA and Asset data 2019 - 2023.csv
2024-12-01 14:50:45,100:INFO:Saved file: data\PIRS, RCA and Asset data 2019 - 2023.csv
2024-12-01 15:01:45,426:INFO:Saved file: data\PIRS, RCA and Asset data 2019 - 2023.csv
2024-12-01 15:10:58,427:INFO:Saved file: data\PIRS, RCA and Asset data 2019 - 2023.csv
2024-12-01 15:21:44,338:INFO:Saved file: data\PIRS, RCA and Asset data 2019 - 2023.csv
2024-12-01 15:26:47,609:INFO:Saved file: data\PIRS, RCA and Asset data 2019 - 2023.csv
2024-12-01 15:34:54,548:INFO:Saved file: data\PIRS, RCA and Asset data 2019 - 2023.csv
2024-12-01 15:47:07,067:INFO:Saved file: data\PIRS, RCA and Asset data 2019 - 2023.csv
2024-12-01 15:57:58,474:INFO:Saved file: data\PIRS, RCA and Asset data 2019 - 2023.csv
2024-12-01 16:04:14,037:INFO:Saved file: data\PIRS, RCA and Asset data 2019 - 2023.csv
2024-12-01 16:09:08,552:INFO:Saved file: data\PIRS, RCA and Asset data 2019 - 2023.csv
2024-12-01 16:13:22,108:INFO:Saved file: data\PIRS, RCA and Asset data 2019 - 2023.csv
2024-12-01 16:22:40,096:INFO:Saved file: data\PIRS, RCA and Asset data 2019 - 2023.csv
2024-12-01 16:30:16,333:INFO:Saved file: data\PIRS, RCA and Asset data 2019 - 2023.csv
2024-12-01 17:56:53,271:INFO:Saved file: data\PIRS, RCA and Asset data 2019 - 2023.csv
2024-12-01 18:10:45,468:INFO:Saved file: data\PIRS, RCA and Asset data 2019 - 2023.csv
2024-12-01 18:21:33,311:INFO:Saved file: data\PIRS, RCA and Asset data 2019 - 2023.csv
2024-12-01 18:48:02,853:INFO:Saved file: data\PIRS, RCA and Asset data 2019 - 2023.csv
2024-12-01 18:51:07,031:INFO:Saved file: data\PIRS, RCA and Asset data 2019 - 2023.csv
2024-12-02 10:24:44,705:INFO:Using categorical units to plot a list of strings that are all parsable as floats or dates. If these strings should be plotted as numbers, cast to the appropriate data type before plotting.
2024-12-02 10:24:44,712:INFO:Using categorical units to plot a list of strings that are all parsable as floats or dates. If these strings should be plotted as numbers, cast to the appropriate data type before plotting.
2024-12-02 10:52:11,306:INFO:Using categorical units to plot a list of strings that are all parsable as floats or dates. If these strings should be plotted as numbers, cast to the appropriate data type before plotting.
2024-12-02 10:52:11,322:INFO:Using categorical units to plot a list of strings that are all parsable as floats or dates. If these strings should be plotted as numbers, cast to the appropriate data type before plotting.
2024-12-02 11:26:16,273:INFO:Using categorical units to plot a list of strings that are all parsable as floats or dates. If these strings should be plotted as numbers, cast to the appropriate data type before plotting.
2024-12-02 11:26:16,276:INFO:Using categorical units to plot a list of strings that are all parsable as floats or dates. If these strings should be plotted as numbers, cast to the appropriate data type before plotting.
2024-12-02 11:35:08,405:INFO:Using categorical units to plot a list of strings that are all parsable as floats or dates. If these strings should be plotted as numbers, cast to the appropriate data type before plotting.
2024-12-02 11:35:08,406:INFO:Using categorical units to plot a list of strings that are all parsable as floats or dates. If these strings should be plotted as numbers, cast to the appropriate data type before plotting.
2024-12-02 11:35:19,464:INFO:Using categorical units to plot a list of strings that are all parsable as floats or dates. If these strings should be plotted as numbers, cast to the appropriate data type before plotting.
2024-12-02 11:35:19,465:INFO:Using categorical units to plot a list of strings that are all parsable as floats or dates. If these strings should be plotted as numbers, cast to the appropriate data type before plotting.
2024-12-02 11:35:19,581:INFO:Using categorical units to plot a list of strings that are all parsable as floats or dates. If these strings should be plotted as numbers, cast to the appropriate data type before plotting.
2024-12-02 11:35:19,593:INFO:Using categorical units to plot a list of strings that are all parsable as floats or dates. If these strings should be plotted as numbers, cast to the appropriate data type before plotting.
2024-12-02 11:35:28,862:INFO:Using categorical units to plot a list of strings that are all parsable as floats or dates. If these strings should be plotted as numbers, cast to the appropriate data type before plotting.
2024-12-02 11:35:28,864:INFO:Using categorical units to plot a list of strings that are all parsable as floats or dates. If these strings should be plotted as numbers, cast to the appropriate data type before plotting.
2024-12-02 11:35:28,977:INFO:Using categorical units to plot a list of strings that are all parsable as floats or dates. If these strings should be plotted as numbers, cast to the appropriate data type before plotting.
2024-12-02 11:35:28,986:INFO:Using categorical units to plot a list of strings that are all parsable as floats or dates. If these strings should be plotted as numbers, cast to the appropriate data type before plotting.
2024-12-02 11:38:38,772:INFO:Using categorical units to plot a list of strings that are all parsable as floats or dates. If these strings should be plotted as numbers, cast to the appropriate data type before plotting.
2024-12-02 11:38:38,775:INFO:Using categorical units to plot a list of strings that are all parsable as floats or dates. If these strings should be plotted as numbers, cast to the appropriate data type before plotting.
2024-12-02 13:24:37,861:INFO:State saved: Uploaded data from 'PIRS, RCA and Asset data 2019 - 2023.csv'.
2024-12-02 13:24:57,427:INFO:State saved: Added Allowed Values validation on column 'PIRS_ID'.
2024-12-02 13:26:41,533:INFO:State saved: Cleared all validation rules.
2024-12-02 13:26:42,737:INFO:State saved: Cleared all validation rules.
2024-12-02 13:26:45,702:INFO:State saved: Added Allowed Values validation on column 'SWW_CATEGORY'.
2024-12-02 13:26:58,222:INFO:State saved: Removed invalid entries based on validation rules.
2024-12-02 13:32:31,550:INFO:State saved: Uploaded data from 'PIRS, RCA and Asset data 2019 - 2023.csv'.
2024-12-02 13:33:28,659:INFO:State saved: Added Allowed Values validation on column 'SWW_CATEGORY'.
2024-12-02 13:33:34,459:INFO:State saved: Removed invalid entries based on validation rules.
2024-12-02 13:38:30,857:INFO:State saved: Dropped columns: POSTCODE.
2024-12-02 13:38:50,200:INFO:State saved: Dropped columns: LOCATION_TEXT.
2024-12-02 13:39:36,673:INFO:Reverted to state index 2: Removed invalid entries based on validation rules.
2024-12-02 13:39:46,658:INFO:History cleared.
2024-12-02 13:42:36,629:INFO:State saved: Uploaded data from 'PIRS, RCA and Asset data 2019 - 2023.csv'.
2024-12-02 13:42:50,406:INFO:State saved: Added Allowed Values validation on column 'SWW_CATEGORY'.
2024-12-02 13:42:55,006:INFO:State saved: Removed invalid entries based on validation rules.
2024-12-02 13:43:03,928:INFO:State saved: Dropped columns: SAMPLECOUNT.
2024-12-02 14:06:08,739:INFO:State saved: Uploaded data from 'PIRS, RCA and Asset data 2019 - 2023.csv'.
2024-12-02 14:08:20,582:INFO:State saved: Uploaded data from 'PIRS, RCA and Asset data 2019 - 2023.csv'.
2024-12-02 14:17:28,848:INFO:State saved: Uploaded data from 'PIRS, RCA and Asset data 2019 - 2023.csv'.
2024-12-02 14:19:51,420:INFO:State saved: Added Allowed Values validation on column 'SWW_CATEGORY'.
2024-12-02 14:19:55,477:INFO:State saved: Removed invalid entries based on validation rules.
2024-12-02 14:20:21,928:INFO:State saved: Removed duplicate rows.
2024-12-02 14:20:31,158:INFO:State saved: Removed duplicate rows.
2024-12-02 14:21:54,102:INFO:State saved: Filled missing values in columns FUNCTION_SUBTYPE using Mode.
2024-12-02 14:26:03,122:INFO:State saved: Uploaded data from 'PIRS, RCA and Asset data 2019 - 2023.csv'.
2024-12-02 14:30:56,966:INFO:State saved: Added Allowed Values validation on column 'SWW_CATEGORY'.
2024-12-02 14:31:01,739:INFO:State saved: Removed invalid entries based on validation rules.
2024-12-02 14:39:02,503:INFO:State saved: Uploaded data from 'PIRS, RCA and Asset data 2019 - 2023.csv'.
